This is pdfTeX, Version 3.14159265-2.6-1.40.17 (MiKTeX 2.9) (preloaded format=pdflatex 2016.8.23)  14 MAR 2018 11:55
entering extended mode
**./MDG_Mar_18.tex
(MDG_Mar_18.tex
LaTeX2e <2016/03/31> patch level 3
Babel <3.9r> and hyphenation patterns for 75 language(s) loaded.
("C:\Program Files (x86)\MiKTeX 2.9\tex\latex\beamer\base\beamer.cls"
("C:\Program Files (x86)\MiKTeX 2.9\tex\latex\beamer\base\beamerbasercs.sty"
Package: beamerbasercs 2015/03/08 (rcs-revision 368aa9ba9d38)
)
Document Class: beamer 2015/01/05 3.36 A class for typesetting presentations (r
cs-revision 8a39122e1f63)
("C:\Program Files (x86)\MiKTeX 2.9\tex\latex\beamer\base\beamerbasemodes.sty"
Package: beamerbasemodes 2013/09/03 (rcs-revision 768f2d98ca64)
\beamer@tempbox=\box26
\beamer@tempcount=\count79
\c@beamerpauses=\count80

("C:\Program Files (x86)\MiKTeX 2.9\tex\latex\beamer\base\beamerbasedecode.sty"
Package: beamerbasedecode 2010/05/01 (rcs-revision efa082c6111d)
\beamer@slideinframe=\count81
\beamer@minimum=\count82
)
\beamer@commentbox=\box27
\beamer@modecount=\count83
) ("C:\Program Files (x86)\MiKTeX 2.9\tex\generic\oberdiek\ifpdf.sty"
Package: ifpdf 2016/05/14 v3.1 Provides the ifpdf switch
)
\headheight=\dimen102
\headdp=\dimen103
\footheight=\dimen104
\sidebarheight=\dimen105
\beamer@tempdim=\dimen106
\beamer@finalheight=\dimen107
\beamer@animht=\dimen108
\beamer@animdp=\dimen109
\beamer@animwd=\dimen110
\beamer@leftmargin=\dimen111
\beamer@rightmargin=\dimen112
\beamer@leftsidebar=\dimen113
\beamer@rightsidebar=\dimen114
\beamer@boxsize=\dimen115
\beamer@vboxoffset=\dimen116
\beamer@descdefault=\dimen117
\beamer@descriptionwidth=\dimen118
\beamer@lastskip=\skip41
\beamer@areabox=\box28
\beamer@animcurrent=\box29
\beamer@animshowbox=\box30
\beamer@sectionbox=\box31
\beamer@logobox=\box32
\beamer@linebox=\box33
\beamer@sectioncount=\count84
\beamer@subsubsectionmax=\count85
\beamer@subsectionmax=\count86
\beamer@sectionmax=\count87
\beamer@totalheads=\count88
\beamer@headcounter=\count89
\beamer@partstartpage=\count90
\beamer@sectionstartpage=\count91
\beamer@subsectionstartpage=\count92
\beamer@animationtempa=\count93
\beamer@animationtempb=\count94
\beamer@xpos=\count95
\beamer@ypos=\count96
\beamer@showpartnumber=\count97
\beamer@currentsubsection=\count98
\beamer@coveringdepth=\count99
\beamer@sectionadjust=\count100
\beamer@tocsectionnumber=\count101

("C:\Program Files (x86)\MiKTeX 2.9\tex\latex\beamer\base\beamerbaseoptions.sty
"
Package: beamerbaseoptions 2013/03/10 (rcs-revision 47431932db0d)
 ("C:\Program Files (x86)\MiKTeX 2.9\tex\latex\graphics\keyval.sty"
Package: keyval 2014/10/28 v1.15 key=value parser (DPC)
\KV@toks@=\toks14
))
\beamer@paperwidth=\skip42
\beamer@paperheight=\skip43

("C:\Program Files (x86)\MiKTeX 2.9\tex\latex\geometry\geometry.sty"
Package: geometry 2010/09/12 v5.6 Page Geometry

("C:\Program Files (x86)\MiKTeX 2.9\tex\generic\oberdiek\ifvtex.sty"
Package: ifvtex 2016/05/16 v1.6 Detect VTeX and its facilities (HO)
Package ifvtex Info: VTeX not detected.
)
("C:\Program Files (x86)\MiKTeX 2.9\tex\generic\ifxetex\ifxetex.sty"
Package: ifxetex 2010/09/12 v0.6 Provides ifxetex conditional
)
\Gm@cnth=\count102
\Gm@cntv=\count103
\c@Gm@tempcnt=\count104
\Gm@bindingoffset=\dimen119
\Gm@wd@mp=\dimen120
\Gm@odd@mp=\dimen121
\Gm@even@mp=\dimen122
\Gm@layoutwidth=\dimen123
\Gm@layoutheight=\dimen124
\Gm@layouthoffset=\dimen125
\Gm@layoutvoffset=\dimen126
\Gm@dimlist=\toks15

("C:\Program Files (x86)\MiKTeX 2.9\tex\latex\geometry\geometry.cfg"))
("C:\Program Files (x86)\MiKTeX 2.9\tex\latex\base\size11.clo"
File: size11.clo 2014/09/29 v1.4h Standard LaTeX file (size option)
)
("C:\Program Files (x86)\MiKTeX 2.9\tex\latex\pgf\basiclayer\pgfcore.sty"
("C:\Program Files (x86)\MiKTeX 2.9\tex\latex\graphics\graphicx.sty"
Package: graphicx 2014/10/28 v1.0g Enhanced LaTeX Graphics (DPC,SPQR)

("C:\Program Files (x86)\MiKTeX 2.9\tex\latex\graphics\graphics.sty"
Package: graphics 2016/07/10 v1.0t Standard LaTeX Graphics (DPC,SPQR)

("C:\Program Files (x86)\MiKTeX 2.9\tex\latex\graphics\trig.sty"
Package: trig 2016/01/03 v1.10 sin cos tan (DPC)
)
("C:\Program Files (x86)\MiKTeX 2.9\tex\latex\00miktex\graphics.cfg"
File: graphics.cfg 2016/06/04 v1.11 sample graphics configuration
)
Package graphics Info: Driver file: pdftex.def on input line 99.

("C:\Program Files (x86)\MiKTeX 2.9\tex\latex\graphics-def\pdftex.def"
File: pdftex.def 2016/07/10 v0.06j Graphics/color for pdfTeX

("C:\Program Files (x86)\MiKTeX 2.9\tex\generic\oberdiek\infwarerr.sty"
Package: infwarerr 2016/05/16 v1.4 Providing info/warning/error messages (HO)
)
("C:\Program Files (x86)\MiKTeX 2.9\tex\generic\oberdiek\ltxcmds.sty"
Package: ltxcmds 2016/05/16 v1.23 LaTeX kernel commands for general use (HO)
)
\Gread@gobject=\count105
))
\Gin@req@height=\dimen127
\Gin@req@width=\dimen128
)
("C:\Program Files (x86)\MiKTeX 2.9\tex\latex\pgf\systemlayer\pgfsys.sty"
("C:\Program Files (x86)\MiKTeX 2.9\tex\latex\pgf\utilities\pgfrcs.sty"
("C:\Program Files (x86)\MiKTeX 2.9\tex\generic\pgf\utilities\pgfutil-common.te
x"
\pgfutil@everybye=\toks16
\pgfutil@tempdima=\dimen129
\pgfutil@tempdimb=\dimen130

("C:\Program Files (x86)\MiKTeX 2.9\tex\generic\pgf\utilities\pgfutil-common-li
sts.tex"))
("C:\Program Files (x86)\MiKTeX 2.9\tex\generic\pgf\utilities\pgfutil-latex.def
"
\pgfutil@abb=\box34
 ("C:\Program Files (x86)\MiKTeX 2.9\tex\latex\ms\everyshi.sty"
Package: everyshi 2001/05/15 v3.00 EveryShipout Package (MS)
))
("C:\Program Files (x86)\MiKTeX 2.9\tex\generic\pgf\utilities\pgfrcs.code.tex"
Package: pgfrcs 2015/08/07 v3.0.1a (rcs-revision 1.31)
))
("C:\Program Files (x86)\MiKTeX 2.9\tex\generic\pgf\systemlayer\pgfsys.code.tex
"
Package: pgfsys 2014/07/09 v3.0.1a (rcs-revision 1.48)
 ("C:\Program Files (x86)\MiKTeX 2.9\tex\generic\pgf\utilities\pgfkeys.code.tex
"
\pgfkeys@pathtoks=\toks17
\pgfkeys@temptoks=\toks18

("C:\Program Files (x86)\MiKTeX 2.9\tex\generic\pgf\utilities\pgfkeysfiltered.c
ode.tex"
\pgfkeys@tmptoks=\toks19
))
\pgf@x=\dimen131
\pgf@y=\dimen132
\pgf@xa=\dimen133
\pgf@ya=\dimen134
\pgf@xb=\dimen135
\pgf@yb=\dimen136
\pgf@xc=\dimen137
\pgf@yc=\dimen138
\w@pgf@writea=\write3
\r@pgf@reada=\read1
\c@pgf@counta=\count106
\c@pgf@countb=\count107
\c@pgf@countc=\count108
\c@pgf@countd=\count109
\t@pgf@toka=\toks20
\t@pgf@tokb=\toks21
\t@pgf@tokc=\toks22

("C:\Program Files (x86)\MiKTeX 2.9\tex\generic\pgf\systemlayer\pgf.cfg"
File: pgf.cfg 2008/05/14  (rcs-revision 1.7)
)
Driver file for pgf: pgfsys-pdftex.def

("C:\Program Files (x86)\MiKTeX 2.9\tex\generic\pgf\systemlayer\pgfsys-pdftex.d
ef"
File: pgfsys-pdftex.def 2014/10/11  (rcs-revision 1.35)

("C:\Program Files (x86)\MiKTeX 2.9\tex\generic\pgf\systemlayer\pgfsys-common-p
df.def"
File: pgfsys-common-pdf.def 2013/10/10  (rcs-revision 1.13)
)))
("C:\Program Files (x86)\MiKTeX 2.9\tex\generic\pgf\systemlayer\pgfsyssoftpath.
code.tex"
File: pgfsyssoftpath.code.tex 2013/09/09  (rcs-revision 1.9)
\pgfsyssoftpath@smallbuffer@items=\count110
\pgfsyssoftpath@bigbuffer@items=\count111
)
("C:\Program Files (x86)\MiKTeX 2.9\tex\generic\pgf\systemlayer\pgfsysprotocol.
code.tex"
File: pgfsysprotocol.code.tex 2006/10/16  (rcs-revision 1.4)
)) ("C:\Program Files (x86)\MiKTeX 2.9\tex\latex\xcolor\xcolor.sty"
Package: xcolor 2016/05/11 v2.12 LaTeX color extensions (UK)

("C:\Program Files (x86)\MiKTeX 2.9\tex\latex\00miktex\color.cfg"
File: color.cfg 2016/01/02 v1.6 sample color configuration
)
Package xcolor Info: Driver file: pdftex.def on input line 225.
Package xcolor Info: Model `cmy' substituted by `cmy0' on input line 1348.
Package xcolor Info: Model `hsb' substituted by `rgb' on input line 1352.
Package xcolor Info: Model `RGB' extended on input line 1364.
Package xcolor Info: Model `HTML' substituted by `rgb' on input line 1366.
Package xcolor Info: Model `Hsb' substituted by `hsb' on input line 1367.
Package xcolor Info: Model `tHsb' substituted by `hsb' on input line 1368.
Package xcolor Info: Model `HSB' substituted by `hsb' on input line 1369.
Package xcolor Info: Model `Gray' substituted by `gray' on input line 1370.
Package xcolor Info: Model `wave' substituted by `hsb' on input line 1371.
)
("C:\Program Files (x86)\MiKTeX 2.9\tex\generic\pgf\basiclayer\pgfcore.code.tex
"
Package: pgfcore 2010/04/11 v3.0.1a (rcs-revision 1.7)
 ("C:\Program Files (x86)\MiKTeX 2.9\tex\generic\pgf\math\pgfmath.code.tex"
("C:\Program Files (x86)\MiKTeX 2.9\tex\generic\pgf\math\pgfmathcalc.code.tex"
("C:\Program Files (x86)\MiKTeX 2.9\tex\generic\pgf\math\pgfmathutil.code.tex")
("C:\Program Files (x86)\MiKTeX 2.9\tex\generic\pgf\math\pgfmathparser.code.tex
"
\pgfmath@dimen=\dimen139
\pgfmath@count=\count112
\pgfmath@box=\box35
\pgfmath@toks=\toks23
\pgfmath@stack@operand=\toks24
\pgfmath@stack@operation=\toks25
)
("C:\Program Files (x86)\MiKTeX 2.9\tex\generic\pgf\math\pgfmathfunctions.code.
tex"
("C:\Program Files (x86)\MiKTeX 2.9\tex\generic\pgf\math\pgfmathfunctions.basic
.code.tex")
("C:\Program Files (x86)\MiKTeX 2.9\tex\generic\pgf\math\pgfmathfunctions.trigo
nometric.code.tex")
("C:\Program Files (x86)\MiKTeX 2.9\tex\generic\pgf\math\pgfmathfunctions.rando
m.code.tex")
("C:\Program Files (x86)\MiKTeX 2.9\tex\generic\pgf\math\pgfmathfunctions.compa
rison.code.tex")
("C:\Program Files (x86)\MiKTeX 2.9\tex\generic\pgf\math\pgfmathfunctions.base.
code.tex")
("C:\Program Files (x86)\MiKTeX 2.9\tex\generic\pgf\math\pgfmathfunctions.round
.code.tex")
("C:\Program Files (x86)\MiKTeX 2.9\tex\generic\pgf\math\pgfmathfunctions.misc.
code.tex")
("C:\Program Files (x86)\MiKTeX 2.9\tex\generic\pgf\math\pgfmathfunctions.integ
erarithmetics.code.tex")))
("C:\Program Files (x86)\MiKTeX 2.9\tex\generic\pgf\math\pgfmathfloat.code.tex"
\c@pgfmathroundto@lastzeros=\count113
))
("C:\Program Files (x86)\MiKTeX 2.9\tex\generic\pgf\basiclayer\pgfcorepoints.co
de.tex"
File: pgfcorepoints.code.tex 2013/10/07  (rcs-revision 1.27)
\pgf@picminx=\dimen140
\pgf@picmaxx=\dimen141
\pgf@picminy=\dimen142
\pgf@picmaxy=\dimen143
\pgf@pathminx=\dimen144
\pgf@pathmaxx=\dimen145
\pgf@pathminy=\dimen146
\pgf@pathmaxy=\dimen147
\pgf@xx=\dimen148
\pgf@xy=\dimen149
\pgf@yx=\dimen150
\pgf@yy=\dimen151
\pgf@zx=\dimen152
\pgf@zy=\dimen153
)
("C:\Program Files (x86)\MiKTeX 2.9\tex\generic\pgf\basiclayer\pgfcorepathconst
ruct.code.tex"
File: pgfcorepathconstruct.code.tex 2013/10/07  (rcs-revision 1.29)
\pgf@path@lastx=\dimen154
\pgf@path@lasty=\dimen155
)
("C:\Program Files (x86)\MiKTeX 2.9\tex\generic\pgf\basiclayer\pgfcorepathusage
.code.tex"
File: pgfcorepathusage.code.tex 2014/11/02  (rcs-revision 1.24)
\pgf@shorten@end@additional=\dimen156
\pgf@shorten@start@additional=\dimen157
)
("C:\Program Files (x86)\MiKTeX 2.9\tex\generic\pgf\basiclayer\pgfcorescopes.co
de.tex"
File: pgfcorescopes.code.tex 2015/05/08  (rcs-revision 1.46)
\pgfpic=\box36
\pgf@hbox=\box37
\pgf@layerbox@main=\box38
\pgf@picture@serial@count=\count114
)
("C:\Program Files (x86)\MiKTeX 2.9\tex\generic\pgf\basiclayer\pgfcoregraphicst
ate.code.tex"
File: pgfcoregraphicstate.code.tex 2014/11/02  (rcs-revision 1.12)
\pgflinewidth=\dimen158
)
("C:\Program Files (x86)\MiKTeX 2.9\tex\generic\pgf\basiclayer\pgfcoretransform
ations.code.tex"
File: pgfcoretransformations.code.tex 2015/08/07  (rcs-revision 1.20)
\pgf@pt@x=\dimen159
\pgf@pt@y=\dimen160
\pgf@pt@temp=\dimen161
)
("C:\Program Files (x86)\MiKTeX 2.9\tex\generic\pgf\basiclayer\pgfcorequick.cod
e.tex"
File: pgfcorequick.code.tex 2008/10/09  (rcs-revision 1.3)
)
("C:\Program Files (x86)\MiKTeX 2.9\tex\generic\pgf\basiclayer\pgfcoreobjects.c
ode.tex"
File: pgfcoreobjects.code.tex 2006/10/11  (rcs-revision 1.2)
)
("C:\Program Files (x86)\MiKTeX 2.9\tex\generic\pgf\basiclayer\pgfcorepathproce
ssing.code.tex"
File: pgfcorepathprocessing.code.tex 2013/09/09  (rcs-revision 1.9)
)
("C:\Program Files (x86)\MiKTeX 2.9\tex\generic\pgf\basiclayer\pgfcorearrows.co
de.tex"
File: pgfcorearrows.code.tex 2015/05/14  (rcs-revision 1.43)
\pgfarrowsep=\dimen162
)
("C:\Program Files (x86)\MiKTeX 2.9\tex\generic\pgf\basiclayer\pgfcoreshade.cod
e.tex"
File: pgfcoreshade.code.tex 2013/07/15  (rcs-revision 1.15)
\pgf@max=\dimen163
\pgf@sys@shading@range@num=\count115
)
("C:\Program Files (x86)\MiKTeX 2.9\tex\generic\pgf\basiclayer\pgfcoreimage.cod
e.tex"
File: pgfcoreimage.code.tex 2013/07/15  (rcs-revision 1.18)

("C:\Program Files (x86)\MiKTeX 2.9\tex\generic\pgf\basiclayer\pgfcoreexternal.
code.tex"
File: pgfcoreexternal.code.tex 2014/07/09  (rcs-revision 1.21)
\pgfexternal@startupbox=\box39
))
("C:\Program Files (x86)\MiKTeX 2.9\tex\generic\pgf\basiclayer\pgfcorelayers.co
de.tex"
File: pgfcorelayers.code.tex 2013/07/18  (rcs-revision 1.7)
)
("C:\Program Files (x86)\MiKTeX 2.9\tex\generic\pgf\basiclayer\pgfcoretranspare
ncy.code.tex"
File: pgfcoretransparency.code.tex 2013/09/30  (rcs-revision 1.5)
)
("C:\Program Files (x86)\MiKTeX 2.9\tex\generic\pgf\basiclayer\pgfcorepatterns.
code.tex"
File: pgfcorepatterns.code.tex 2013/11/07  (rcs-revision 1.5)
)))
("C:\Program Files (x86)\MiKTeX 2.9\tex\latex\pgf\utilities\xxcolor.sty"
Package: xxcolor 2003/10/24 ver 0.1
\XC@nummixins=\count116
\XC@countmixins=\count117
)
("C:\Program Files (x86)\MiKTeX 2.9\tex\generic\oberdiek\atbegshi.sty"
Package: atbegshi 2016/06/09 v1.18 At begin shipout hook (HO)
)
("C:\Program Files (x86)\MiKTeX 2.9\tex\latex\hyperref\hyperref.sty"
Package: hyperref 2016/06/24 v6.83q Hypertext links for LaTeX

("C:\Program Files (x86)\MiKTeX 2.9\tex\generic\oberdiek\hobsub-hyperref.sty"
Package: hobsub-hyperref 2016/05/16 v1.14 Bundle oberdiek, subset hyperref (HO)


("C:\Program Files (x86)\MiKTeX 2.9\tex\generic\oberdiek\hobsub-generic.sty"
Package: hobsub-generic 2016/05/16 v1.14 Bundle oberdiek, subset generic (HO)
Package: hobsub 2016/05/16 v1.14 Construct package bundles (HO)
Package hobsub Info: Skipping package `infwarerr' (already loaded).
Package hobsub Info: Skipping package `ltxcmds' (already loaded).
Package: ifluatex 2016/05/16 v1.4 Provides the ifluatex switch (HO)
Package ifluatex Info: LuaTeX not detected.
Package hobsub Info: Skipping package `ifvtex' (already loaded).
Package: intcalc 2016/05/16 v1.2 Expandable calculations with integers (HO)
Package hobsub Info: Skipping package `ifpdf' (already loaded).
Package: etexcmds 2016/05/16 v1.6 Avoid name clashes with e-TeX commands (HO)
Package etexcmds Info: Could not find \expanded.
(etexcmds)             That can mean that you are not using pdfTeX 1.50 or
(etexcmds)             that some package has redefined \expanded.
(etexcmds)             In the latter case, load this package earlier.
Package: kvsetkeys 2016/05/16 v1.17 Key value parser (HO)
Package: kvdefinekeys 2016/05/16 v1.4 Define keys (HO)
Package: pdftexcmds 2016/05/21 v0.22 Utility functions of pdfTeX for LuaTeX (HO
)
Package pdftexcmds Info: LuaTeX not detected.
Package pdftexcmds Info: \pdf@primitive is available.
Package pdftexcmds Info: \pdf@ifprimitive is available.
Package pdftexcmds Info: \pdfdraftmode found.
Package: pdfescape 2016/05/16 v1.14 Implements pdfTeX's escape features (HO)
Package: bigintcalc 2016/05/16 v1.4 Expandable calculations on big integers (HO
)
Package: bitset 2016/05/16 v1.2 Handle bit-vector datatype (HO)
Package: uniquecounter 2016/05/16 v1.3 Provide unlimited unique counter (HO)
)
Package hobsub Info: Skipping package `hobsub' (already loaded).
Package: letltxmacro 2016/05/16 v1.5 Let assignment for LaTeX macros (HO)
Package: hopatch 2016/05/16 v1.3 Wrapper for package hooks (HO)
Package: xcolor-patch 2016/05/16 xcolor patch
Package: atveryend 2016/05/16 v1.9 Hooks at the very end of document (HO)
Package atveryend Info: \enddocument detected (standard20110627).
Package hobsub Info: Skipping package `atbegshi' (already loaded).
Package: refcount 2016/05/16 v3.5 Data extraction from label references (HO)
Package: hycolor 2016/05/16 v1.8 Color options for hyperref/bookmark (HO)
)
("C:\Program Files (x86)\MiKTeX 2.9\tex\latex\oberdiek\auxhook.sty"
Package: auxhook 2016/05/16 v1.4 Hooks for auxiliary files (HO)
)
("C:\Program Files (x86)\MiKTeX 2.9\tex\latex\oberdiek\kvoptions.sty"
Package: kvoptions 2016/05/16 v3.12 Key value format for package options (HO)
)
\@linkdim=\dimen164
\Hy@linkcounter=\count118
\Hy@pagecounter=\count119

("C:\Program Files (x86)\MiKTeX 2.9\tex\latex\hyperref\pd1enc.def"
File: pd1enc.def 2016/06/24 v6.83q Hyperref: PDFDocEncoding definition (HO)
)
\Hy@SavedSpaceFactor=\count120

("C:\Program Files (x86)\MiKTeX 2.9\tex\latex\00miktex\hyperref.cfg"
File: hyperref.cfg 2002/06/06 v1.2 hyperref configuration of TeXLive
)
Package hyperref Info: Option `bookmarks' set `true' on input line 4362.
Package hyperref Info: Option `bookmarksopen' set `true' on input line 4362.
Package hyperref Info: Option `implicit' set `false' on input line 4362.
Package hyperref Info: Hyper figures OFF on input line 4486.
Package hyperref Info: Link nesting OFF on input line 4491.
Package hyperref Info: Hyper index ON on input line 4494.
Package hyperref Info: Plain pages OFF on input line 4501.
Package hyperref Info: Backreferencing OFF on input line 4506.
Package hyperref Info: Implicit mode OFF; no redefinition of LaTeX internals.
Package hyperref Info: Bookmarks ON on input line 4735.
\c@Hy@tempcnt=\count121

("C:\Program Files (x86)\MiKTeX 2.9\tex\latex\url\url.sty"
\Urlmuskip=\muskip10
Package: url 2013/09/16  ver 3.4  Verb mode for urls, etc.
)
LaTeX Info: Redefining \url on input line 5088.
\XeTeXLinkMargin=\dimen165
\Fld@menulength=\count122
\Field@Width=\dimen166
\Fld@charsize=\dimen167
Package hyperref Info: Hyper figures OFF on input line 6342.
Package hyperref Info: Link nesting OFF on input line 6347.
Package hyperref Info: Hyper index ON on input line 6350.
Package hyperref Info: backreferencing OFF on input line 6357.
Package hyperref Info: Link coloring OFF on input line 6362.
Package hyperref Info: Link coloring with OCG OFF on input line 6367.
Package hyperref Info: PDF/A mode OFF on input line 6372.
LaTeX Info: Redefining \ref on input line 6412.
LaTeX Info: Redefining \pageref on input line 6416.
\Hy@abspage=\count123


Package hyperref Message: Stopped early.

)

Package hyperref Message: Driver (autodetected): hpdftex.

("C:\Program Files (x86)\MiKTeX 2.9\tex\latex\hyperref\hpdftex.def"
File: hpdftex.def 2016/06/24 v6.83q Hyperref driver for pdfTeX
\Fld@listcount=\count124
\c@bookmark@seq@number=\count125

("C:\Program Files (x86)\MiKTeX 2.9\tex\latex\oberdiek\rerunfilecheck.sty"
Package: rerunfilecheck 2016/05/16 v1.8 Rerun checks for auxiliary files (HO)
Package uniquecounter Info: New unique counter `rerunfilecheck' on input line 2
82.
))
("C:\Program Files (x86)\MiKTeX 2.9\tex\latex\beamer\base\beamerbaserequires.st
y"
Package: beamerbaserequires 2010/05/01  (rcs-revision efa082c6111d)

("C:\Program Files (x86)\MiKTeX 2.9\tex\latex\beamer\base\beamerbasecompatibili
ty.sty"
Package: beamerbasecompatibility 2012/05/01  (rcs-revision 67c48b3b652d)
)
("C:\Program Files (x86)\MiKTeX 2.9\tex\latex\beamer\base\beamerbasefont.sty"
Package: beamerbasefont 2015/01/05  (rcs-revision b4b4bee242e2)

("C:\Program Files (x86)\MiKTeX 2.9\tex\latex\amsfonts\amssymb.sty"
Package: amssymb 2013/01/14 v3.01 AMS font symbols

("C:\Program Files (x86)\MiKTeX 2.9\tex\latex\amsfonts\amsfonts.sty"
Package: amsfonts 2013/01/14 v3.01 Basic AMSFonts support
\@emptytoks=\toks26
\symAMSa=\mathgroup4
\symAMSb=\mathgroup5
LaTeX Font Info:    Overwriting math alphabet `\mathfrak' in version `bold'
(Font)                  U/euf/m/n --> U/euf/b/n on input line 106.
))
("C:\Program Files (x86)\MiKTeX 2.9\tex\latex\sansmathaccent\sansmathaccent.sty
"
Package: sansmathaccent 2013/03/28
 ("C:\Program Files (x86)\MiKTeX 2.9\tex\latex\filehook\filehook.sty"
Package: filehook 2011/10/12 v0.5d Hooks for input files
)))
("C:\Program Files (x86)\MiKTeX 2.9\tex\latex\beamer\base\beamerbasetranslator.
sty"
Package: beamerbasetranslator 2010/06/11  (rcs-revision 85fd1cc7fc42)

("C:\Program Files (x86)\MiKTeX 2.9\tex\latex\beamer\base\translator\translator
.sty"
Package: translator 2010/06/12 ver 1.10

("C:\Program Files (x86)\MiKTeX 2.9\tex\latex\beamer\base\translator\translator
-language-mappings.tex")))
("C:\Program Files (x86)\MiKTeX 2.9\tex\latex\beamer\base\beamerbasemisc.sty"
Package: beamerbasemisc 2013/09/03  (rcs-revision a55719c41d85)
)
("C:\Program Files (x86)\MiKTeX 2.9\tex\latex\beamer\base\beamerbasetwoscreens.
sty"
Package: beamerbasetwoscreens 2010/05/01  (rcs-revision efa082c6111d)
)
("C:\Program Files (x86)\MiKTeX 2.9\tex\latex\beamer\base\beamerbaseoverlay.sty
"
Package: beamerbaseoverlay 2013/12/25  (rcs-revision f6bd5e3805da)
\beamer@argscount=\count126
\beamer@lastskipcover=\skip44
\beamer@trivlistdepth=\count127
) ("C:\Program Files (x86)\MiKTeX 2.9\tex\latex\beamer\base\beamerbasetitle.sty
"
Package: beamerbasetitle 2010/09/21  (rcs-revision f0446ed0b6ae)
)
("C:\Program Files (x86)\MiKTeX 2.9\tex\latex\beamer\base\beamerbasesection.sty
"
Package: beamerbasesection 2013/06/07  (rcs-revision 60b9fe0f342f)
\c@lecture=\count128
\c@part=\count129
\c@section=\count130
\c@subsection=\count131
\c@subsubsection=\count132
) ("C:\Program Files (x86)\MiKTeX 2.9\tex\latex\beamer\base\beamerbaseframe.sty
"
Package: beamerbaseframe 2014/02/20  (rcs-revision 4b8ceeeff434)
\beamer@framebox=\box40
\beamer@frametitlebox=\box41
\beamer@zoombox=\box42
\beamer@zoomcount=\count133
\beamer@zoomframecount=\count134
\beamer@frametextheight=\dimen168
\c@subsectionslide=\count135
\beamer@frametopskip=\skip45
\beamer@framebottomskip=\skip46
\beamer@frametopskipautobreak=\skip47
\beamer@framebottomskipautobreak=\skip48
\beamer@envbody=\toks27
\framewidth=\dimen169
\c@framenumber=\count136
)
("C:\Program Files (x86)\MiKTeX 2.9\tex\latex\beamer\base\beamerbaseverbatim.st
y"
Package: beamerbaseverbatim 2015/01/05  (rcs-revision 431510bb5890)
\beamer@verbatimfileout=\write4
)
("C:\Program Files (x86)\MiKTeX 2.9\tex\latex\beamer\base\beamerbaseframesize.s
ty"
Package: beamerbaseframesize 2011/09/12  (rcs-revision 70f9d8411e54)
\beamer@splitbox=\box43
\beamer@autobreakcount=\count137
\beamer@autobreaklastheight=\dimen170
\beamer@frametitletoks=\toks28
\beamer@framesubtitletoks=\toks29
)
("C:\Program Files (x86)\MiKTeX 2.9\tex\latex\beamer\base\beamerbaseframecompon
ents.sty"
Package: beamerbaseframecomponents 2013/10/18  (rcs-revision 5cf6c5555a45)
\beamer@footins=\box44
)
("C:\Program Files (x86)\MiKTeX 2.9\tex\latex\beamer\base\beamerbasecolor.sty"
Package: beamerbasecolor 2015/02/21  (rcs-revision d944b04ee2d5)
) ("C:\Program Files (x86)\MiKTeX 2.9\tex\latex\beamer\base\beamerbasenotes.sty
"
Package: beamerbasenotes 2012/12/19  (rcs-revision 1686da3db3c9)
\beamer@frameboxcopy=\box45
) ("C:\Program Files (x86)\MiKTeX 2.9\tex\latex\beamer\base\beamerbasetoc.sty"
Package: beamerbasetoc 2015/03/08  (rcs-revision 7270298bbaae)
)
("C:\Program Files (x86)\MiKTeX 2.9\tex\latex\beamer\base\beamerbasetemplates.s
ty"
Package: beamerbasetemplates 2010/05/01  (rcs-revision efa082c6111d)
\beamer@sbttoks=\toks30

("C:\Program Files (x86)\MiKTeX 2.9\tex\latex\beamer\base\beamerbaseauxtemplate
s.sty"
Package: beamerbaseauxtemplates 2014/06/30  (rcs-revision 580088513a67)

("C:\Program Files (x86)\MiKTeX 2.9\tex\latex\beamer\base\beamerbaseboxes.sty"
Package: beamerbaseboxes 2012/05/13  (rcs-revision 56972908a390)
\bmb@box=\box46
\bmb@colorbox=\box47
\bmb@boxshadow=\box48
\bmb@boxshadowball=\box49
\bmb@boxshadowballlarge=\box50
\bmb@temp=\dimen171
\bmb@dima=\dimen172
\bmb@dimb=\dimen173
\bmb@prevheight=\dimen174
)
\beamer@blockheadheight=\dimen175
))
("C:\Program Files (x86)\MiKTeX 2.9\tex\latex\beamer\base\beamerbaselocalstruct
ure.sty"
Package: beamerbaselocalstructure 2014/09/10  (rcs-revision 393f6dcff371)
 ("C:\Program Files (x86)\MiKTeX 2.9\tex\latex\tools\enumerate.sty"
Package: enumerate 2015/07/23 v3.00 enumerate extensions (DPC)
\@enLab=\toks31
)
\c@figure=\count138
\c@table=\count139
\abovecaptionskip=\skip49
\belowcaptionskip=\skip50
)
("C:\Program Files (x86)\MiKTeX 2.9\tex\latex\beamer\base\beamerbasenavigation.
sty"
Package: beamerbasenavigation 2015/02/27  (rcs-revision 923f4bf87efa)
\beamer@section@min@dim=\dimen176
)
("C:\Program Files (x86)\MiKTeX 2.9\tex\latex\beamer\base\beamerbasetheorems.st
y"
Package: beamerbasetheorems 2010/06/06  (rcs-revision 7e7cc5e53e9d)
 ("C:\Program Files (x86)\MiKTeX 2.9\tex\latex\amsmath\amsmath.sty"
Package: amsmath 2016/06/28 v2.15d AMS math features
\@mathmargin=\skip51

For additional information on amsmath, use the `?' option.
("C:\Program Files (x86)\MiKTeX 2.9\tex\latex\amsmath\amstext.sty"
Package: amstext 2000/06/29 v2.01 AMS text

("C:\Program Files (x86)\MiKTeX 2.9\tex\latex\amsmath\amsgen.sty"
File: amsgen.sty 1999/11/30 v2.0 generic functions
\@emptytoks=\toks32
\ex@=\dimen177
))
("C:\Program Files (x86)\MiKTeX 2.9\tex\latex\amsmath\amsbsy.sty"
Package: amsbsy 1999/11/29 v1.2d Bold Symbols
\pmbraise@=\dimen178
)
("C:\Program Files (x86)\MiKTeX 2.9\tex\latex\amsmath\amsopn.sty"
Package: amsopn 2016/03/08 v2.02 operator names
)
\inf@bad=\count140
LaTeX Info: Redefining \frac on input line 199.
\uproot@=\count141
\leftroot@=\count142
LaTeX Info: Redefining \overline on input line 297.
\classnum@=\count143
\DOTSCASE@=\count144
LaTeX Info: Redefining \ldots on input line 394.
LaTeX Info: Redefining \dots on input line 397.
LaTeX Info: Redefining \cdots on input line 518.
\Mathstrutbox@=\box51
\strutbox@=\box52
\big@size=\dimen179
LaTeX Font Info:    Redeclaring font encoding OML on input line 634.
LaTeX Font Info:    Redeclaring font encoding OMS on input line 635.
\macc@depth=\count145
\c@MaxMatrixCols=\count146
\dotsspace@=\muskip11
\c@parentequation=\count147
\dspbrk@lvl=\count148
\tag@help=\toks33
\row@=\count149
\column@=\count150
\maxfields@=\count151
\andhelp@=\toks34
\eqnshift@=\dimen180
\alignsep@=\dimen181
\tagshift@=\dimen182
\tagwidth@=\dimen183
\totwidth@=\dimen184
\lineht@=\dimen185
\@envbody=\toks35
\multlinegap=\skip52
\multlinetaggap=\skip53
\mathdisplay@stack=\toks36
LaTeX Info: Redefining \[ on input line 2739.
LaTeX Info: Redefining \] on input line 2740.
)
("C:\Program Files (x86)\MiKTeX 2.9\tex\latex\amscls\amsthm.sty"
Package: amsthm 2015/03/04 v2.20.2
\thm@style=\toks37
\thm@bodyfont=\toks38
\thm@headfont=\toks39
\thm@notefont=\toks40
\thm@headpunct=\toks41
\thm@preskip=\skip54
\thm@postskip=\skip55
\thm@headsep=\skip56
\dth@everypar=\toks42
)
\c@theorem=\count152
)
("C:\Program Files (x86)\MiKTeX 2.9\tex\latex\beamer\base\beamerbasethemes.sty"
Package: beamerbasethemes 2010/05/01  (rcs-revision efa082c6111d)
))
("C:\Program Files (x86)\MiKTeX 2.9\tex\latex\beamer\base\themes\theme\beamerth
emedefault.sty"
Package: beamerthemedefault 2010/06/17  (rcs-revision d02a7cf4d8ae)

("C:\Program Files (x86)\MiKTeX 2.9\tex\latex\beamer\base\themes\font\beamerfon
tthemedefault.sty"
Package: beamerfontthemedefault 2012/12/19  (rcs-revision 1686da3db3c9)
)
("C:\Program Files (x86)\MiKTeX 2.9\tex\latex\beamer\base\themes\color\beamerco
lorthemedefault.sty"
Package: beamercolorthemedefault 2012/12/19  (rcs-revision 1686da3db3c9)
)
("C:\Program Files (x86)\MiKTeX 2.9\tex\latex\beamer\base\themes\inner\beamerin
nerthemedefault.sty"
Package: beamerinnerthemedefault 2014/06/30  (rcs-revision 580088513a67)
\beamer@dima=\dimen186
\beamer@dimb=\dimen187
)
("C:\Program Files (x86)\MiKTeX 2.9\tex\latex\beamer\base\themes\outer\beamerou
terthemedefault.sty"
Package: beamerouterthemedefault 2012/12/19  (rcs-revision 1686da3db3c9)
)))
("C:\Program Files (x86)\MiKTeX 2.9\tex\latex\pgf\utilities\pgfpages.sty"
Package: pgfpages 2011/01/05 ver 0.02

("C:\Program Files (x86)\MiKTeX 2.9\tex\latex\tools\calc.sty"
Package: calc 2014/10/28 v4.3 Infix arithmetic (KKT,FJ)
\calc@Acount=\count153
\calc@Bcount=\count154
\calc@Adimen=\dimen188
\calc@Bdimen=\dimen189
\calc@Askip=\skip57
\calc@Bskip=\skip58
LaTeX Info: Redefining \setlength on input line 80.
LaTeX Info: Redefining \addtolength on input line 81.
\calc@Ccount=\count155
\calc@Cskip=\skip59
)
\pgf@logicalpages=\count156
\pgf@firstshipout=\count157
\pgf@lastshipout=\count158
\pgf@currentshipout=\count159
\pgf@cpn=\count160
\pgf@shipoutnextto=\count161
\pgfphysicalheight=\dimen190
\pgfphysicalwidth=\dimen191
\pgfpages@shipoutbox=\box53
)
("C:\Program Files (x86)\MiKTeX 2.9\tex\latex\colortbl\colortbl.sty"
Package: colortbl 2012/02/13 v1.0a Color table columns (DPC)

("C:\Program Files (x86)\MiKTeX 2.9\tex\latex\tools\array.sty"
Package: array 2014/10/28 v2.4c Tabular extension package (FMi)
\col@sep=\dimen192
\extrarowheight=\dimen193
\NC@list=\toks43
\extratabsurround=\skip60
\backup@length=\skip61
)
\everycr=\toks44
\minrowclearance=\skip62
)
("C:\Program Files (x86)\MiKTeX 2.9\tex\latex\booktabs\booktabs.sty"
Package: booktabs 2005/04/14 v1.61803 publication quality tables
\heavyrulewidth=\dimen194
\lightrulewidth=\dimen195
\cmidrulewidth=\dimen196
\belowrulesep=\dimen197
\belowbottomsep=\dimen198
\aboverulesep=\dimen199
\abovetopsep=\dimen256
\cmidrulesep=\dimen257
\cmidrulekern=\dimen258
\defaultaddspace=\dimen259
\@cmidla=\count162
\@cmidlb=\count163
\@aboverulesep=\dimen260
\@belowrulesep=\dimen261
\@thisruleclass=\count164
\@lastruleclass=\count165
\@thisrulewidth=\dimen262
)
("C:\Program Files (x86)\MiKTeX 2.9\tex\latex\multirow\multirow.sty"
\bigstrutjot=\dimen263
)
(C:\Users\meddwilb\AppData\Roaming\MiKTeX\2.9\tex\latex\biblatex\biblatex.sty
Package: biblatex 2016/12/05 v3.7 programmable bibliographies (PK/JW/AB)

(C:\Users\meddwilb\AppData\Roaming\MiKTeX\2.9\tex\latex\etoolbox\etoolbox.sty
Package: etoolbox 2017/01/02 v2.4 e-TeX tools for LaTeX (JAW)
\etb@tempcnta=\count166
)
(C:\Users\meddwilb\AppData\Roaming\MiKTeX\2.9\tex\latex\logreq\logreq.sty
Package: logreq 2010/08/04 v1.0 xml request logger
\lrq@indent=\count167

(C:\Users\meddwilb\AppData\Roaming\MiKTeX\2.9\tex\latex\logreq\logreq.def
File: logreq.def 2010/08/04 v1.0 logreq spec v1.0
))
("C:\Program Files (x86)\MiKTeX 2.9\tex\latex\base\ifthen.sty"
Package: ifthen 2014/09/29 v1.1c Standard LaTeX ifthen package (DPC)
)
(C:\Users\meddwilb\AppData\Roaming\MiKTeX\2.9\tex\latex\xstring\xstring.sty
(C:\Users\meddwilb\AppData\Roaming\MiKTeX\2.9\tex\generic\xstring\xstring.tex
\@xs@message=\write5
\integerpart=\count168
\decimalpart=\count169
)
Package: xstring 2013/10/13  v1.7c  String manipulations (C Tellechea)
)
\c@tabx@nest=\count170
\c@listtotal=\count171
\c@listcount=\count172
\c@liststart=\count173
\c@liststop=\count174
\c@citecount=\count175
\c@citetotal=\count176
\c@multicitecount=\count177
\c@multicitetotal=\count178
\c@instcount=\count179
\c@maxnames=\count180
\c@minnames=\count181
\c@maxitems=\count182
\c@minitems=\count183
\c@citecounter=\count184
\c@savedcitecounter=\count185
\c@uniquelist=\count186
\c@uniquename=\count187
\c@refsection=\count188
\c@refsegment=\count189
\c@maxextratitle=\count190
\c@maxextratitleyear=\count191
\c@maxextrayear=\count192
\c@maxextraalpha=\count193
\c@abbrvpenalty=\count194
\c@highnamepenalty=\count195
\c@lownamepenalty=\count196
\c@maxparens=\count197
\c@parenlevel=\count198
\blx@tempcnta=\count199
\blx@tempcntb=\count266
\blx@tempcntc=\count267
\blx@maxsection=\count268
\blx@maxsegment@0=\count269
\blx@notetype=\count270
\blx@parenlevel@text=\count271
\blx@parenlevel@foot=\count272
\blx@sectionciteorder@0=\count273
\labelnumberwidth=\skip63
\labelalphawidth=\skip64
\biblabelsep=\skip65
\bibitemsep=\skip66
\bibnamesep=\skip67
\bibinitsep=\skip68
\bibparsep=\skip69
\bibhang=\skip70
\blx@bcfin=\read2
\blx@bcfout=\write6
\c@mincomprange=\count274
\c@maxcomprange=\count275
\c@mincompwidth=\count276
Package biblatex Info: Trying to load biblatex default data model...
Package biblatex Info: ... file 'blx-dm.def' found.
(C:\Users\meddwilb\AppData\Roaming\MiKTeX\2.9\tex\latex\biblatex\blx-dm.def)
Package biblatex Info: Trying to load biblatex style data model...
Package biblatex Info: ... file 'authoryear.dbx' not found.
Package biblatex Info: Trying to load biblatex custom data model...
Package biblatex Info: ... file 'biblatex-dm.cfg' not found.
\c@afterword=\count277
\c@savedafterword=\count278
\c@annotator=\count279
\c@savedannotator=\count280
\c@author=\count281
\c@savedauthor=\count282
\c@bookauthor=\count283
\c@savedbookauthor=\count284
\c@commentator=\count285
\c@savedcommentator=\count286
\c@editor=\count287
\c@savededitor=\count288
\c@editora=\count289
\c@savededitora=\count290
\c@editorb=\count291
\c@savededitorb=\count292
\c@editorc=\count293
\c@savededitorc=\count294
\c@foreword=\count295
\c@savedforeword=\count296
\c@holder=\count297
\c@savedholder=\count298
\c@introduction=\count299
\c@savedintroduction=\count300
\c@namea=\count301
\c@savednamea=\count302
\c@nameb=\count303
\c@savednameb=\count304
\c@namec=\count305
\c@savednamec=\count306
\c@translator=\count307
\c@savedtranslator=\count308
\c@shortauthor=\count309
\c@savedshortauthor=\count310
\c@shorteditor=\count311
\c@savedshorteditor=\count312
\c@labelname=\count313
\c@savedlabelname=\count314
\c@institution=\count315
\c@savedinstitution=\count316
\c@lista=\count317
\c@savedlista=\count318
\c@listb=\count319
\c@savedlistb=\count320
\c@listc=\count321
\c@savedlistc=\count322
\c@listd=\count323
\c@savedlistd=\count324
\c@liste=\count325
\c@savedliste=\count326
\c@listf=\count327
\c@savedlistf=\count328
\c@location=\count329
\c@savedlocation=\count330
\c@organization=\count331
\c@savedorganization=\count332
\c@origlocation=\count333
\c@savedoriglocation=\count334
\c@origpublisher=\count335
\c@savedorigpublisher=\count336
\c@publisher=\count337
\c@savedpublisher=\count338
\c@language=\count339
\c@savedlanguage=\count340
\c@pageref=\count341
\c@savedpageref=\count342
\shorthandwidth=\skip71
\shortjournalwidth=\skip72
\shortserieswidth=\skip73
\shorttitlewidth=\skip74
\shortauthorwidth=\skip75
\shorteditorwidth=\skip76
Package biblatex Info: Trying to load compatibility code...
Package biblatex Info: ... file 'blx-compat.def' found.

(C:\Users\meddwilb\AppData\Roaming\MiKTeX\2.9\tex\latex\biblatex\blx-compat.def
File: blx-compat.def 2016/12/05 v3.7 biblatex compatibility (PK/JW/AB)
)
Package biblatex Info: Trying to load BibTeX backend compatibility...
Package biblatex Info: ... file 'blx-bibtex.def' found.

(C:\Users\meddwilb\AppData\Roaming\MiKTeX\2.9\tex\latex\biblatex\blx-bibtex.def
File: blx-bibtex.def 2016/12/05 v3.7 biblatex compatibility (PK/JW/AB)

Package biblatex Warning: Using fall-back BibTeX(8) backend:
(biblatex)                functionality may be reduced/unavailable.

)
Package biblatex Info: Trying to load generic definitions...
Package biblatex Info: ... file 'biblatex.def' found.
 (C:\Users\meddwilb\AppData\Roaming\MiKTeX\2.9\tex\latex\biblatex\biblatex.def
File: biblatex.def 2016/12/05 v3.7 biblatex compatibility (PK/JW/AB)
\c@textcitecount=\count343
\c@textcitetotal=\count344
\c@textcitemaxnames=\count345
\c@biburlnumpenalty=\count346
\c@biburlucpenalty=\count347
\c@biburllcpenalty=\count348
\c@smartand=\count349
)
Package biblatex Info: Trying to load bibliography style 'authoryear'...
Package biblatex Info: ... file 'authoryear.bbx' found.

(C:\Users\meddwilb\AppData\Roaming\MiKTeX\2.9\tex\latex\biblatex\bbx\authoryear
.bbx
File: authoryear.bbx 2016/12/05 v3.7 biblatex bibliography style (PK/JW/AB)
Package biblatex Info: Trying to load bibliography style 'standard'...
Package biblatex Info: ... file 'standard.bbx' found.

(C:\Users\meddwilb\AppData\Roaming\MiKTeX\2.9\tex\latex\biblatex\bbx\standard.b
bx
File: standard.bbx 2016/12/05 v3.7 biblatex bibliography style (PK/JW/AB)
\c@bbx:relatedcount=\count350
\c@bbx:relatedtotal=\count351
))
Package biblatex Info: Trying to load citation style 'authoryear'...
Package biblatex Info: ... file 'authoryear.cbx' found.

(C:\Users\meddwilb\AppData\Roaming\MiKTeX\2.9\tex\latex\biblatex\cbx\authoryear
.cbx
File: authoryear.cbx 2016/12/05 v3.7 biblatex citation style (PK/JW/AB)
Package biblatex Info: Redefining '\cite'.
Package biblatex Info: Redefining '\parencite'.
Package biblatex Info: Redefining '\footcite'.
Package biblatex Info: Redefining '\footcitetext'.
Package biblatex Info: Redefining '\smartcite'.
Package biblatex Info: Redefining '\textcite'.
Package biblatex Info: Redefining '\textcites'.
)
Package biblatex Info: Trying to load configuration file...
Package biblatex Info: ... file 'biblatex.cfg' found.

(C:\Users\meddwilb\AppData\Roaming\MiKTeX\2.9\tex\latex\biblatex\biblatex.cfg
File: biblatex.cfg 
))
("C:\Program Files (x86)\MiKTeX 2.9\tex\latex\beamer\base\themes\theme\beamerth
emeWarsaw.sty"
Package: beamerthemeWarsaw 2010/06/17  (rcs-revision d02a7cf4d8ae)

("C:\Program Files (x86)\MiKTeX 2.9\tex\latex\beamer\base\themes\inner\beamerin
nerthemerounded.sty"
Package: beamerinnerthemerounded 2010/06/17  (rcs-revision d02a7cf4d8ae)
)
("C:\Program Files (x86)\MiKTeX 2.9\tex\latex\beamer\base\themes\outer\beamerou
terthemeshadow.sty"
Package: beamerouterthemeshadow 2010/06/17  (rcs-revision d02a7cf4d8ae)

("C:\Program Files (x86)\MiKTeX 2.9\tex\latex\beamer\base\themes\outer\beamerou
terthemesplit.sty"
Package: beamerouterthemesplit 2012/10/16  (rcs-revision 51a8c72084af)
))
("C:\Program Files (x86)\MiKTeX 2.9\tex\latex\beamer\base\themes\color\beamerco
lorthemeorchid.sty"
Package: beamercolorthemeorchid 2010/06/17  (rcs-revision d02a7cf4d8ae)
)
("C:\Program Files (x86)\MiKTeX 2.9\tex\latex\beamer\base\themes\color\beamerco
lorthemewhale.sty"
Package: beamercolorthemewhale 2010/06/17  (rcs-revision d02a7cf4d8ae)
))
("C:\Program Files (x86)\MiKTeX 2.9\tex\latex\beamer\base\themes\color\beamerco
lorthemeseahorse.sty"
Package: beamercolorthemeseahorse 2010/06/17  (rcs-revision d02a7cf4d8ae)
)
("C:\Program Files (x86)\MiKTeX 2.9\tex\latex\tabu\tabu.sty"
Package: tabu 2011/02/26 v2.8 - flexible LaTeX tabulars (FC)

("C:\Program Files (x86)\MiKTeX 2.9\tex\latex\ltxmisc\varwidth.sty"
Package: varwidth 2009/03/30 ver 0.92;  Variable-width minipages
\@vwid@box=\box54
\sift@deathcycles=\count352
\@vwid@loff=\dimen264
\@vwid@roff=\dimen265
)
\c@taburow=\count353
\tabu@nbcols=\count354
\tabu@cnt=\count355
\tabu@Xcol=\count356
\tabu@alloc=\count357
\tabu@nested=\count358
\tabu@target=\dimen266
\tabu@spreadtarget=\dimen267
\tabu@naturalX=\dimen268
\tabucolX=\dimen269
\tabu@Xsum=\dimen270
\extrarowdepth=\dimen271
\abovetabulinesep=\dimen272
\belowtabulinesep=\dimen273
\tabustrutrule=\dimen274
\tabu@thebody=\toks45
\tabu@footnotes=\toks46
\tabu@box=\box55
\tabu@arstrutbox=\box56
\tabu@hleads=\box57
\tabu@vleads=\box58
\tabu@cellskip=\skip77
)
("C:\Program Files (x86)\MiKTeX 2.9\tex\latex\textpos\textpos.sty"
Package: textpos 2016/06/07 v1.8

Package: textpos 2016/06/07 1.8, absolute positioning of text on the page
\TP@textbox=\box59
\TPHorizModule=\dimen275
\TPVertModule=\dimen276
\TP@margin=\dimen277
\TP@absmargin=\dimen278
Grid set 16 x 16 = 22.7622pt x 17.07166pt
\TPboxrulesize=\dimen279
\TP@tbargs=\toks47
\TP@prevdepth=\dimen280
) ("C:\Program Files (x86)\MiKTeX 2.9\tex\latex\animate\animate.sty"
Package: animate 2016/09/07 PDF animations from files and inline graphics

("C:\Program Files (x86)\MiKTeX 2.9\tex\latex\oberdiek\ifdraft.sty"
Package: ifdraft 2016/05/16 v1.4 Detect class options draft and final (HO)
)
("C:\Program Files (x86)\MiKTeX 2.9\tex\latex\oberdiek\atenddvi.sty"
Package: atenddvi 2016/05/16 v1.2 At end DVI hook (HO)

("C:\Program Files (x86)\MiKTeX 2.9\tex\latex\oberdiek\zref-abspage.sty"
Package: zref-abspage 2016/05/21 v2.26 Module abspage for zref (HO)

("C:\Program Files (x86)\MiKTeX 2.9\tex\latex\oberdiek\zref-base.sty"
Package: zref-base 2016/05/21 v2.26 Module base for zref (HO)
Package zref Info: New property list: main on input line 759.
Package zref Info: New property: default on input line 760.
Package zref Info: New property: page on input line 761.
)
\c@abspage=\count359
Package zref Info: New property: abspage on input line 62.
)
("C:\Program Files (x86)\MiKTeX 2.9\tex\latex\oberdiek\zref-lastpage.sty"
Package: zref-lastpage 2016/05/21 v2.26 Module lastpage for zref (HO)
Package zref Info: New property list: LastPage on input line 55.
))
("C:\Program Files (x86)\MiKTeX 2.9\tex\latex\media9\pdfbase.sty"
("C:\Program Files (x86)\MiKTeX 2.9\tex\latex\l3kernel\expl3.sty"
Package: expl3 2016/05/18 v6512 L3 programming layer (loader) 

("C:\Program Files (x86)\MiKTeX 2.9\tex\latex\l3kernel\expl3-code.tex"
Package: expl3 2016/05/18 v6512 L3 programming layer (code)
L3 Module: l3bootstrap 2016/02/12 v6412 L3 Bootstrap code
L3 Module: l3names 2016/03/11 v6433 L3 Namespace for primitives
L3 Module: l3basics 2015/11/22 v6315 L3 Basic definitions
L3 Module: l3expan 2015/09/10 v5983 L3 Argument expansion
L3 Module: l3tl 2016/03/26 v6465 L3 Token lists
L3 Module: l3str 2016/03/24 v6441 L3 Strings
L3 Module: l3seq 2015/08/05 v5777 L3 Sequences and stacks
L3 Module: l3int 2016/03/24 v6441 L3 Integers
\c_max_int=\count360
\l_tmpa_int=\count361
\l_tmpb_int=\count362
\g_tmpa_int=\count363
\g_tmpb_int=\count364
L3 Module: l3quark 2015/08/17 v5855 L3 Quarks
L3 Module: l3prg 2015/11/01 v6216 L3 Control structures
\g__prg_map_int=\count365
L3 Module: l3clist 2015/09/02 v5901 L3 Comma separated lists
L3 Module: l3token 2016/04/03 v6470 L3 Experimental token manipulation
L3 Module: l3prop 2016/01/05 v6366 L3 Property lists
L3 Module: l3msg 2016/03/26 v6464 L3 Messages
L3 Module: l3file 2016/03/25 v6458 L3 File and I/O operations
\l_iow_line_count_int=\count366
\l__iow_target_count_int=\count367
\l__iow_current_line_int=\count368
\l__iow_current_word_int=\count369
\l__iow_current_indentation_int=\count370
L3 Module: l3skip 2016/01/05 v6366 L3 Dimensions and skips
\c_zero_dim=\dimen281
\c_max_dim=\dimen282
\l_tmpa_dim=\dimen283
\l_tmpb_dim=\dimen284
\g_tmpa_dim=\dimen285
\g_tmpb_dim=\dimen286
\c_zero_skip=\skip78
\c_max_skip=\skip79
\l_tmpa_skip=\skip80
\l_tmpb_skip=\skip81
\g_tmpa_skip=\skip82
\g_tmpb_skip=\skip83
\c_zero_muskip=\muskip12
\c_max_muskip=\muskip13
\l_tmpa_muskip=\muskip14
\l_tmpb_muskip=\muskip15
\g_tmpa_muskip=\muskip16
\g_tmpb_muskip=\muskip17
L3 Module: l3keys 2015/11/17 v6284 L3 Key-value interfaces
\g__keyval_level_int=\count371
\l_keys_choice_int=\count372
L3 Module: l3fp 2016/03/26 v6465 L3 Floating points
\c__fp_leading_shift_int=\count373
\c__fp_middle_shift_int=\count374
\c__fp_trailing_shift_int=\count375
\c__fp_big_leading_shift_int=\count376
\c__fp_big_middle_shift_int=\count377
\c__fp_big_trailing_shift_int=\count378
\c__fp_Bigg_leading_shift_int=\count379
\c__fp_Bigg_middle_shift_int=\count380
\c__fp_Bigg_trailing_shift_int=\count381
L3 Module: l3box 2015/08/09 v5822 L3 Experimental boxes
\c_empty_box=\box60
\l_tmpa_box=\box61
\l_tmpb_box=\box62
\g_tmpa_box=\box63
\g_tmpb_box=\box64
L3 Module: l3coffins 2016/05/17 v6508 L3 Coffin code layer
\l__coffin_internal_box=\box65
\l__coffin_internal_dim=\dimen287
\l__coffin_offset_x_dim=\dimen288
\l__coffin_offset_y_dim=\dimen289
\l__coffin_x_dim=\dimen290
\l__coffin_y_dim=\dimen291
\l__coffin_x_prime_dim=\dimen292
\l__coffin_y_prime_dim=\dimen293
\c_empty_coffin=\box66
\l__coffin_aligned_coffin=\box67
\l__coffin_aligned_internal_coffin=\box68
\l_tmpa_coffin=\box69
\l_tmpb_coffin=\box70
\l__coffin_display_coffin=\box71
\l__coffin_display_coord_coffin=\box72
\l__coffin_display_pole_coffin=\box73
\l__coffin_display_offset_dim=\dimen294
\l__coffin_display_x_dim=\dimen295
\l__coffin_display_y_dim=\dimen296
L3 Module: l3color 2014/08/23 v5354 L3 Experimental color support
L3 Module: l3sys 2015/09/25 v6087 L3 Experimental system/runtime functions
L3 Module: l3candidates 2016/05/13 v6484 L3 Experimental additions to l3kernel
\l__box_top_dim=\dimen297
\l__box_bottom_dim=\dimen298
\l__box_left_dim=\dimen299
\l__box_right_dim=\dimen300
\l__box_top_new_dim=\dimen301
\l__box_bottom_new_dim=\dimen302
\l__box_left_new_dim=\dimen303
\l__box_right_new_dim=\dimen304
\l__box_internal_box=\box74
\l__coffin_bounding_shift_dim=\dimen305
\l__coffin_left_corner_dim=\dimen306
\l__coffin_right_corner_dim=\dimen307
\l__coffin_bottom_corner_dim=\dimen308
\l__coffin_top_corner_dim=\dimen309
\l__coffin_scaled_total_height_dim=\dimen310
\l__coffin_scaled_width_dim=\dimen311
L3 Module: l3luatex 2016/03/26 v6465 L3 Experimental LuaTeX-specific functions
)
("C:\Program Files (x86)\MiKTeX 2.9\tex\latex\l3kernel\l3pdfmode.def"
File: l3pdfmode.def 2016/03/26 v6465 L3 Experimental driver: PDF mode
\l__driver_color_stack_int=\count382
\l__driver_tmp_box=\box75
))
("C:\Program Files (x86)\MiKTeX 2.9\tex\latex\l3packages\l3keys2e\l3keys2e.sty"
Package: l3keys2e 2016/05/18 v6512 LaTeX2e option processing using LaTeX3 keys
)
Package: pdfbase 2016/06/08 v0.9 driver independent access to low-level PDF fea
tures
\g_pbs_oc_int=\count383
) ("C:\Program Files (x86)\MiKTeX 2.9\tex\latex\ocgx2\ocgbase.sty"
Package: ocgbase 2016/03/11 v0.6 support package for ocgx2.sty
)
("C:\Program Files (x86)\MiKTeX 2.9\tex\context\base\supp-pdf.mkii"
[Loading MPS to PDF converter (version 2006.09.02).]
\scratchcounter=\count384
\scratchdimen=\dimen312
\scratchbox=\box76
\nofMPsegments=\count385
\nofMParguments=\count386
\everyMPshowfont=\toks48
\MPscratchCnt=\count387
\MPscratchDim=\dimen313
\MPnumerator=\count388
\makeMPintoPDFobject=\count389
\everyMPtoPDFconversion=\toks49
)
\@anim@box=\box77
\@anim@measbox=\box78
\@anim@tmpdima=\dimen314
\@anim@tmpdimb=\dimen315
\@anim@num=\count390
\@anim@curframe=\count391
\@anim@curframe@zb=\count392
\@anim@resizeflags=\count393
\@anim@skipfram=\count394
\@anim@mulframecnt=\count395
\@anim@@tmlnfile=\read3
\@anim@tmpcnt=\count396
\c@@anim@ltxcnt=\count397
\@anim@curlayer=\count398
\@anim@lineno=\count399
\@anim@curfield=\count400
\@anim@@resizeflags=\count401
)
\sympureletters=\mathgroup6
LaTeX Font Info:    Overwriting symbol font `pureletters' in version `bold'
(Font)                  OT1/mathkerncmss/m/sl --> OT1/mathkerncmss/bx/sl on inp
ut line 98.
 ("C:\Program Files (x86)\MiKTeX 2.9\tex\latex\tools\bm.sty"
Package: bm 2016/07/07 v1.2b Bold Symbol Support (DPC/FMi)
\symboldoperators=\mathgroup7
\symboldletters=\mathgroup8
\symboldsymbols=\mathgroup9
\symboldpureletters=\mathgroup10
LaTeX Font Info:    Redeclaring math alphabet \mathbf on input line 142.
LaTeX Info: Redefining \bm on input line 208.
)
Package hyperref Info: Option `colorlinks' set `true' on input line 101.
Package biblatex Info: Trying to load language 'english'...
Package biblatex Info: ... file 'english.lbx' found.

(C:\Users\meddwilb\AppData\Roaming\MiKTeX\2.9\tex\latex\biblatex\lbx\english.lb
x
File: english.lbx 2016/12/05 v3.7 biblatex localization (PK/JW/AB)
)

Package biblatex Warning: Patching footnotes failed.
(biblatex)                Footnote detection will not work.

\@quotelevel=\count402
\@quotereset=\count403
(MDG_Mar_18.aux)
\openout1 = `MDG_Mar_18.aux'.

LaTeX Font Info:    Checking defaults for OML/cmm/m/it on input line 133.
LaTeX Font Info:    ... okay on input line 133.
LaTeX Font Info:    Checking defaults for T1/cmr/m/n on input line 133.
LaTeX Font Info:    ... okay on input line 133.
LaTeX Font Info:    Checking defaults for OT1/cmr/m/n on input line 133.
LaTeX Font Info:    ... okay on input line 133.
LaTeX Font Info:    Checking defaults for OMS/cmsy/m/n on input line 133.
LaTeX Font Info:    ... okay on input line 133.
LaTeX Font Info:    Checking defaults for OMX/cmex/m/n on input line 133.
LaTeX Font Info:    ... okay on input line 133.
LaTeX Font Info:    Checking defaults for U/cmr/m/n on input line 133.
LaTeX Font Info:    ... okay on input line 133.
LaTeX Font Info:    Checking defaults for PD1/pdf/m/n on input line 133.
LaTeX Font Info:    ... okay on input line 133.

*geometry* driver: auto-detecting
*geometry* detected driver: pdftex
*geometry* verbose mode - [ preamble ] result:
* driver: pdftex
* paper: custom
* layout: <same size as paper>
* layoutoffset:(h,v)=(0.0pt,0.0pt)
* modes: includehead includefoot 
* h-part:(L,W,R)=(28.45274pt, 307.28987pt, 28.45274pt)
* v-part:(T,H,B)=(0.0pt, 273.14662pt, 0.0pt)
* \paperwidth=364.19536pt
* \paperheight=273.14662pt
* \textwidth=307.28987pt
* \textheight=244.6939pt
* \oddsidemargin=-43.81725pt
* \evensidemargin=-43.81725pt
* \topmargin=-72.26999pt
* \headheight=14.22636pt
* \headsep=0.0pt
* \topskip=11.0pt
* \footskip=14.22636pt
* \marginparwidth=4.0pt
* \marginparsep=10.0pt
* \columnsep=10.0pt
* \skip\footins=10.0pt plus 4.0pt minus 2.0pt
* \hoffset=0.0pt
* \voffset=0.0pt
* \mag=1000
* \@twocolumnfalse
* \@twosidefalse
* \@mparswitchfalse
* \@reversemarginfalse
* (1in=72.27pt=25.4mm, 1cm=28.453pt)

("C:\Program Files (x86)\MiKTeX 2.9\tex\latex\oberdiek\epstopdf-base.sty"
Package: epstopdf-base 2016/05/15 v2.6 Base part for package epstopdf

("C:\Program Files (x86)\MiKTeX 2.9\tex\latex\oberdiek\grfext.sty"
Package: grfext 2016/05/16 v1.2 Manage graphics extensions (HO)
)
Package epstopdf-base Info: Redefining graphics rule for `.eps' on input line 4
38.
Package grfext Info: Graphics extension search list:
(grfext)             [.png,.pdf,.jpg,.mps,.jpeg,.jbig2,.jb2,.PNG,.PDF,.JPG,.JPE
G,.JBIG2,.JB2,.eps]
(grfext)             \AppendGraphicsExtensions on input line 456.
)
ABD: EveryShipout initializing macros
\AtBeginShipoutBox=\box79
Package hyperref Info: Link coloring ON on input line 133.

("C:\Program Files (x86)\MiKTeX 2.9\tex\latex\hyperref\nameref.sty"
Package: nameref 2016/05/21 v2.44 Cross-referencing by name of section

("C:\Program Files (x86)\MiKTeX 2.9\tex\generic\oberdiek\gettitlestring.sty"
Package: gettitlestring 2016/05/16 v1.5 Cleanup title references (HO)
)
\c@section@level=\count404
)
LaTeX Info: Redefining \ref on input line 133.
LaTeX Info: Redefining \pageref on input line 133.
LaTeX Info: Redefining \nameref on input line 133.

(MDG_Mar_18.out) (MDG_Mar_18.out)
\@outlinefile=\write7
\openout7 = `MDG_Mar_18.out'.

LaTeX Font Info:    Overwriting symbol font `operators' in version `normal'
(Font)                  OT1/cmr/m/n --> OT1/cmss/m/n on input line 133.
LaTeX Font Info:    Overwriting symbol font `operators' in version `bold'
(Font)                  OT1/cmr/bx/n --> OT1/cmss/bx/n on input line 133.
\symnumbers=\mathgroup11
LaTeX Font Info:    Redeclaring symbol font `pureletters' on input line 133.
LaTeX Font Info:    Overwriting symbol font `pureletters' in version `normal'
(Font)                  OT1/mathkerncmss/m/sl --> OT1/cmss/m/it on input line 1
33.
LaTeX Font Info:    Overwriting symbol font `pureletters' in version `bold'
(Font)                  OT1/mathkerncmss/bx/sl --> OT1/cmss/m/it on input line 
133.
LaTeX Font Info:    Overwriting math alphabet `\mathrm' in version `normal'
(Font)                  OT1/cmss/m/n --> OT1/cmr/m/n on input line 133.
LaTeX Font Info:    Redeclaring math alphabet \mathbf on input line 133.
LaTeX Font Info:    Redeclaring math alphabet \mathsf on input line 133.
LaTeX Font Info:    Overwriting math alphabet `\mathsf' in version `normal'
(Font)                  OT1/cmss/m/n --> OT1/cmss/m/n on input line 133.
LaTeX Font Info:    Overwriting math alphabet `\mathsf' in version `bold'
(Font)                  OT1/cmss/bx/n --> OT1/cmss/m/n on input line 133.
LaTeX Font Info:    Redeclaring math alphabet \mathit on input line 133.
LaTeX Font Info:    Overwriting math alphabet `\mathit' in version `normal'
(Font)                  OT1/cmr/m/it --> OT1/cmss/m/it on input line 133.
LaTeX Font Info:    Overwriting math alphabet `\mathit' in version `bold'
(Font)                  OT1/cmr/bx/it --> OT1/cmss/m/it on input line 133.
LaTeX Font Info:    Redeclaring math alphabet \mathtt on input line 133.
LaTeX Font Info:    Overwriting math alphabet `\mathtt' in version `normal'
(Font)                  OT1/cmtt/m/n --> OT1/cmtt/m/n on input line 133.
LaTeX Font Info:    Overwriting math alphabet `\mathtt' in version `bold'
(Font)                  OT1/cmtt/m/n --> OT1/cmtt/m/n on input line 133.
LaTeX Font Info:    Overwriting symbol font `numbers' in version `bold'
(Font)                  OT1/cmss/m/n --> OT1/cmss/bx/n on input line 133.
LaTeX Font Info:    Overwriting symbol font `pureletters' in version `bold'
(Font)                  OT1/cmss/m/it --> OT1/cmss/bx/it on input line 133.
LaTeX Font Info:    Overwriting math alphabet `\mathrm' in version `bold'
(Font)                  OT1/cmss/bx/n --> OT1/cmr/bx/n on input line 133.
LaTeX Font Info:    Overwriting math alphabet `\mathbf' in version `bold'
(Font)                  OT1/cmss/bx/n --> OT1/cmss/bx/n on input line 133.
LaTeX Font Info:    Overwriting math alphabet `\mathsf' in version `bold'
(Font)                  OT1/cmss/m/n --> OT1/cmss/bx/n on input line 133.
LaTeX Font Info:    Overwriting math alphabet `\mathit' in version `bold'
(Font)                  OT1/cmss/m/it --> OT1/cmss/bx/it on input line 133.
LaTeX Font Info:    Overwriting math alphabet `\mathtt' in version `bold'
(Font)                  OT1/cmtt/m/n --> OT1/cmtt/bx/n on input line 133.
LaTeX Font Info:    Redeclaring symbol font `pureletters' on input line 133.
LaTeX Font Info:    Overwriting symbol font `pureletters' in version `normal'
(Font)                  OT1/cmss/m/it --> OT1/mathkerncmss/m/sl on input line 1
33.
LaTeX Font Info:    Overwriting symbol font `pureletters' in version `bold'
(Font)                  OT1/cmss/bx/it --> OT1/mathkerncmss/m/sl on input line 
133.
LaTeX Font Info:    Overwriting symbol font `pureletters' in version `bold'
(Font)                  OT1/mathkerncmss/m/sl --> OT1/mathkerncmss/bx/sl on inp
ut line 133.

("C:\Program Files (x86)\MiKTeX 2.9\tex\latex\beamer\base\translator\dicts\tran
slator-basic-dictionary\translator-basic-dictionary-English.dict"
Dictionary: translator-basic-dictionary, Language: English 
)
("C:\Program Files (x86)\MiKTeX 2.9\tex\latex\beamer\base\translator\dicts\tran
slator-bibliography-dictionary\translator-bibliography-dictionary-English.dict"
Dictionary: translator-bibliography-dictionary, Language: English 
)
("C:\Program Files (x86)\MiKTeX 2.9\tex\latex\beamer\base\translator\dicts\tran
slator-environment-dictionary\translator-environment-dictionary-English.dict"
Dictionary: translator-environment-dictionary, Language: English 
)
("C:\Program Files (x86)\MiKTeX 2.9\tex\latex\beamer\base\translator\dicts\tran
slator-months-dictionary\translator-months-dictionary-English.dict"
Dictionary: translator-months-dictionary, Language: English 
)
("C:\Program Files (x86)\MiKTeX 2.9\tex\latex\beamer\base\translator\dicts\tran
slator-numbers-dictionary\translator-numbers-dictionary-English.dict"
Dictionary: translator-numbers-dictionary, Language: English 
)
("C:\Program Files (x86)\MiKTeX 2.9\tex\latex\beamer\base\translator\dicts\tran
slator-theorem-dictionary\translator-theorem-dictionary-English.dict"
Dictionary: translator-theorem-dictionary, Language: English 
)
LaTeX Info: Redefining \includegraphics on input line 133.
Package biblatex Info: No input encoding detected.
(biblatex)             Assuming 'ascii'.
Package biblatex Info: Automatic encoding selection.
(biblatex)             Assuming data encoding 'ascii'.
Package biblatex Info: Input encoding 'ascii' specified.
Package biblatex Info: Data encoding 'ascii' specified.
(biblatex)             No need to reencode data.
\openout6 = `MDG_Mar_18-blx.bib'.

Package biblatex Info: Trying to load bibliographic data...
Package biblatex Info: ... file 'MDG_Mar_18.bbl' not found.

No file MDG_Mar_18.bbl.
Package biblatex Info: Reference section=0 on input line 133.
Package biblatex Info: Reference segment=0 on input line 133.
(MDG_Mar_18.nav) <U:/Misc/Logos/LICTR_logo.png, id=21, 2007.5pt x 728.7225pt>
File: U:/Misc/Logos/LICTR_logo.png Graphic file (type png)

<use U:/Misc/Logos/LICTR_logo.png>
Package pdftex.def Info: U:/Misc/Logos/LICTR_logo.png used on input line 137.
(pdftex.def)             Requested size: 64.69466pt x 19.91684pt.


LaTeX Font Warning: Font shape `OT1/cmss/m/n' in size <4> not available
(Font)              size <5> substituted on input line 137.

[1

{C:/Users/meddwilb/AppData/Local/MiKTeX/2.9/pdftex/config/pdftex.map} <U:/Misc/
Logos/LICTR_logo.png>]
File: U:/Misc/Logos/LICTR_logo.png Graphic file (type png)
 <use U:/Misc/Logos/LICTR_logo.png>
Package pdftex.def Info: U:/Misc/Logos/LICTR_logo.png used on input line 155.
(pdftex.def)             Requested size: 64.69466pt x 19.91684pt.
 [2

]
LaTeX Font Info:    Try loading font information for U+msa on input line 166.

("C:\Program Files (x86)\MiKTeX 2.9\tex\latex\amsfonts\umsa.fd"
File: umsa.fd 2013/01/14 v3.01 AMS symbols A
)
LaTeX Font Info:    Try loading font information for U+msb on input line 166.

("C:\Program Files (x86)\MiKTeX 2.9\tex\latex\amsfonts\umsb.fd"
File: umsb.fd 2013/01/14 v3.01 AMS symbols B
)
LaTeX Font Info:    Try loading font information for OT1+mathkerncmss on input 
line 166.

("C:\Program Files (x86)\MiKTeX 2.9\tex\latex\sansmathaccent\ot1mathkerncmss.fd
"
File: ot1mathkerncmss.fd 2013/03/27 Fontinst v1.933 font definitions for OT1/ma
thkerncmss.
)
File: U:/Misc/Logos/LICTR_logo.png Graphic file (type png)
 <use U:/Misc/Logos/LICTR_logo.png>
Package pdftex.def Info: U:/Misc/Logos/LICTR_logo.png used on input line 166.
(pdftex.def)             Requested size: 64.69466pt x 19.91684pt.
 [3

]
<prior_ICC.pdf, id=123, 505.89pt x 289.08pt>
File: prior_ICC.pdf Graphic file (type pdf)
 <use prior_ICC.pdf>
Package pdftex.def Info: prior_ICC.pdf used on input line 173.
(pdftex.def)             Requested size: 227.64839pt x 130.0848pt.
File: U:/Misc/Logos/LICTR_logo.png Graphic file (type png)

<use U:/Misc/Logos/LICTR_logo.png>
Package pdftex.def Info: U:/Misc/Logos/LICTR_logo.png used on input line 173.
(pdftex.def)             Requested size: 64.69466pt x 19.91684pt.
 [4

 <./prior_ICC.pdf>]
<prior_power.pdf, id=160, 505.89pt x 289.08pt>
File: prior_power.pdf Graphic file (type pdf)
 <use prior_power.pdf>
Package pdftex.def Info: prior_power.pdf used on input line 181.
(pdftex.def)             Requested size: 227.64839pt x 130.0848pt.
File: U:/Misc/Logos/LICTR_logo.png Graphic file (type png)

<use U:/Misc/Logos/LICTR_logo.png>
Package pdftex.def Info: U:/Misc/Logos/LICTR_logo.png used on input line 181.
(pdftex.def)             Requested size: 64.69466pt x 19.91684pt.
 [5

 <./prior_power.pdf>]
File: U:/Misc/Logos/LICTR_logo.png Graphic file (type png)

<use U:/Misc/Logos/LICTR_logo.png>
Package pdftex.def Info: U:/Misc/Logos/LICTR_logo.png used on input line 193.
(pdftex.def)             Requested size: 64.69466pt x 19.91684pt.
 [6

]
File: U:/Misc/Logos/LICTR_logo.png Graphic file (type png)
 <use U:/Misc/Logos/LICTR_logo.png>
Package pdftex.def Info: U:/Misc/Logos/LICTR_logo.png used on input line 207.
(pdftex.def)             Requested size: 64.69466pt x 19.91684pt.

[7

]
File: U:/Misc/Logos/LICTR_logo.png Graphic file (type png)
 <use U:/Misc/Logos/LICTR_logo.png>
Package pdftex.def Info: U:/Misc/Logos/LICTR_logo.png used on input line 223.
(pdftex.def)             Requested size: 64.69466pt x 19.91684pt.
 [8

]
File: U:/Misc/Logos/LICTR_logo.png Graphic file (type png)
 <use U:/Misc/Logos/LICTR_logo.png>
Package pdftex.def Info: U:/Misc/Logos/LICTR_logo.png used on input line 235.
(pdftex.def)             Requested size: 64.69466pt x 19.91684pt.

[9

]
File: U:/Misc/Logos/LICTR_logo.png Graphic file (type png)
 <use U:/Misc/Logos/LICTR_logo.png>
Package pdftex.def Info: U:/Misc/Logos/LICTR_logo.png used on input line 245.
(pdftex.def)             Requested size: 64.69466pt x 19.91684pt.
 [10

]
File: U:/Misc/Logos/LICTR_logo.png Graphic file (type png)
 <use U:/Misc/Logos/LICTR_logo.png>
Package pdftex.def Info: U:/Misc/Logos/LICTR_logo.png used on input line 253.
(pdftex.def)             Requested size: 64.69466pt x 19.91684pt.

[11

]
File: U:/Misc/Logos/LICTR_logo.png Graphic file (type png)
 <use U:/Misc/Logos/LICTR_logo.png>
Package pdftex.def Info: U:/Misc/Logos/LICTR_logo.png used on input line 262.
(pdftex.def)             Requested size: 64.69466pt x 19.91684pt.
 [12

]
File: U:/Misc/Logos/LICTR_logo.png Graphic file (type png)

<use U:/Misc/Logos/LICTR_logo.png>
Package pdftex.def Info: U:/Misc/Logos/LICTR_logo.png used on input line 271.
(pdftex.def)             Requested size: 64.69466pt x 19.91684pt.
 [13

]
File: U:/Misc/Logos/LICTR_logo.png Graphic file (type png)
 <use U:/Misc/Logos/LICTR_logo.png>
Package pdftex.def Info: U:/Misc/Logos/LICTR_logo.png used on input line 280.
(pdftex.def)             Requested size: 64.69466pt x 19.91684pt.

[14

]
File: U:/Misc/Logos/LICTR_logo.png Graphic file (type png)
 <use U:/Misc/Logos/LICTR_logo.png>
Package pdftex.def Info: U:/Misc/Logos/LICTR_logo.png used on input line 290.
(pdftex.def)             Requested size: 64.69466pt x 19.91684pt.
 [15

]
File: U:/Misc/Logos/LICTR_logo.png Graphic file (type png)

<use U:/Misc/Logos/LICTR_logo.png>
Package pdftex.def Info: U:/Misc/Logos/LICTR_logo.png used on input line 302.
(pdftex.def)             Requested size: 64.69466pt x 19.91684pt.
 [16

]
<prior_eff.pdf, id=512, 591.20876pt x 410.53375pt>
File: prior_eff.pdf Graphic file (type pdf)
 <use prior_eff.pdf>
Package pdftex.def Info: prior_eff.pdf used on input line 308.
(pdftex.def)             Requested size: 295.60365pt x 205.26637pt.
File: U:/Misc/Logos/LICTR_logo.png Graphic file (type png)

<use U:/Misc/Logos/LICTR_logo.png>
Package pdftex.def Info: U:/Misc/Logos/LICTR_logo.png used on input line 308.
(pdftex.def)             Requested size: 64.69466pt x 19.91684pt.
 [17

 <./prior_eff.pdf>]
<fix_a_2.pdf, id=549, 591.20876pt x 410.53375pt>
File: fix_a_2.pdf Graphic file (type pdf)
 <use fix_a_2.pdf>
Package pdftex.def Info: fix_a_2.pdf used on input line 318.
(pdftex.def)             Requested size: 236.47931pt x 164.21059pt.
File: U:/Misc/Logos/LICTR_logo.png Graphic file (type png)

<use U:/Misc/Logos/LICTR_logo.png>
Package pdftex.def Info: U:/Misc/Logos/LICTR_logo.png used on input line 318.
(pdftex.def)             Requested size: 64.69466pt x 19.91684pt.
 [18

 <./fix_a_2.pdf>]
<fix_a_05.pdf, id=589, 591.20876pt x 410.53375pt>
File: fix_a_05.pdf Graphic file (type pdf)
 <use fix_a_05.pdf>
Package pdftex.def Info: fix_a_05.pdf used on input line 329.
(pdftex.def)             Requested size: 236.47931pt x 164.21059pt.
File: U:/Misc/Logos/LICTR_logo.png Graphic file (type png)

<use U:/Misc/Logos/LICTR_logo.png>
Package pdftex.def Info: U:/Misc/Logos/LICTR_logo.png used on input line 329.
(pdftex.def)             Requested size: 64.69466pt x 19.91684pt.
 [19

 <./fix_a_05.pdf>]
<fix_a_142.pdf, id=628, 591.20876pt x 410.53375pt>
File: fix_a_142.pdf Graphic file (type pdf)
 <use fix_a_142.pdf>
Package pdftex.def Info: fix_a_142.pdf used on input line 340.
(pdftex.def)             Requested size: 236.47931pt x 164.21059pt.
File: U:/Misc/Logos/LICTR_logo.png Graphic file (type png)

<use U:/Misc/Logos/LICTR_logo.png>
Package pdftex.def Info: U:/Misc/Logos/LICTR_logo.png used on input line 340.
(pdftex.def)             Requested size: 64.69466pt x 19.91684pt.
 [20

 <./fix_a_142.pdf>]
<pow_142.pdf, id=666, 591.20876pt x 410.53375pt>
File: pow_142.pdf Graphic file (type pdf)
 <use pow_142.pdf>
Package pdftex.def Info: pow_142.pdf used on input line 349.
(pdftex.def)             Requested size: 236.47931pt x 164.21059pt.
File: U:/Misc/Logos/LICTR_logo.png Graphic file (type png)

<use U:/Misc/Logos/LICTR_logo.png>
Package pdftex.def Info: U:/Misc/Logos/LICTR_logo.png used on input line 349.
(pdftex.def)             Requested size: 64.69466pt x 19.91684pt.
 [21

 <./pow_142.pdf>]
File: U:/Misc/Logos/LICTR_logo.png Graphic file (type png)

<use U:/Misc/Logos/LICTR_logo.png>
Package pdftex.def Info: U:/Misc/Logos/LICTR_logo.png used on input line 360.
(pdftex.def)             Requested size: 64.69466pt x 19.91684pt.
 [22

]
File: U:/Misc/Logos/LICTR_logo.png Graphic file (type png)
 <use U:/Misc/Logos/LICTR_logo.png>
Package pdftex.def Info: U:/Misc/Logos/LICTR_logo.png used on input line 371.
(pdftex.def)             Requested size: 64.69466pt x 19.91684pt.

[23

] <free_a_2.pdf, id=760, 591.20876pt x 410.53375pt>
File: free_a_2.pdf Graphic file (type pdf)
 <use free_a_2.pdf>
Package pdftex.def Info: free_a_2.pdf used on input line 379.
(pdftex.def)             Requested size: 236.47931pt x 164.21059pt.
File: U:/Misc/Logos/LICTR_logo.png Graphic file (type png)

<use U:/Misc/Logos/LICTR_logo.png>
Package pdftex.def Info: U:/Misc/Logos/LICTR_logo.png used on input line 379.
(pdftex.def)             Requested size: 64.69466pt x 19.91684pt.
 [24

 <./free_a_2.pdf>]
<free_a_05.pdf, id=799, 591.20876pt x 410.53375pt>
File: free_a_05.pdf Graphic file (type pdf)
 <use free_a_05.pdf>
Package pdftex.def Info: free_a_05.pdf used on input line 387.
(pdftex.def)             Requested size: 236.47931pt x 164.21059pt.
File: U:/Misc/Logos/LICTR_logo.png Graphic file (type png)

<use U:/Misc/Logos/LICTR_logo.png>
Package pdftex.def Info: U:/Misc/Logos/LICTR_logo.png used on input line 387.
(pdftex.def)             Requested size: 64.69466pt x 19.91684pt.
 [25

 <./free_a_05.pdf>]
<free_a_142.pdf, id=839, 591.20876pt x 410.53375pt>
File: free_a_142.pdf Graphic file (type pdf)
 <use free_a_142.pdf>
Package pdftex.def Info: free_a_142.pdf used on input line 395.
(pdftex.def)             Requested size: 236.47931pt x 164.21059pt.
File: U:/Misc/Logos/LICTR_logo.png Graphic file (type png)

<use U:/Misc/Logos/LICTR_logo.png>
Package pdftex.def Info: U:/Misc/Logos/LICTR_logo.png used on input line 395.
(pdftex.def)             Requested size: 64.69466pt x 19.91684pt.
 [26

 <./free_a_142.pdf>]
<OCs.pdf, id=878, 591.20876pt x 410.53375pt>
File: OCs.pdf Graphic file (type pdf)
 <use OCs.pdf>
Package pdftex.def Info: OCs.pdf used on input line 403.
(pdftex.def)             Requested size: 236.47931pt x 164.21059pt.
File: U:/Misc/Logos/LICTR_logo.png Graphic file (type png)

<use U:/Misc/Logos/LICTR_logo.png>
Package pdftex.def Info: U:/Misc/Logos/LICTR_logo.png used on input line 403.
(pdftex.def)             Requested size: 64.69466pt x 19.91684pt.
 [27

 <./OCs.pdf>]
<OCs_log.pdf, id=913, 591.20876pt x 410.53375pt>
File: OCs_log.pdf Graphic file (type pdf)
 <use OCs_log.pdf>
Package pdftex.def Info: OCs_log.pdf used on input line 411.
(pdftex.def)             Requested size: 236.47931pt x 164.21059pt.
File: U:/Misc/Logos/LICTR_logo.png Graphic file (type png)

<use U:/Misc/Logos/LICTR_logo.png>
Package pdftex.def Info: U:/Misc/Logos/LICTR_logo.png used on input line 411.
(pdftex.def)             Requested size: 64.69466pt x 19.91684pt.
 [28

 <./OCs_log.pdf>]
File: U:/Misc/Logos/LICTR_logo.png Graphic file (type png)

<use U:/Misc/Logos/LICTR_logo.png>
Package pdftex.def Info: U:/Misc/Logos/LICTR_logo.png used on input line 424.
(pdftex.def)             Requested size: 64.69466pt x 19.91684pt.
 [29

]
File: U:/Misc/Logos/LICTR_logo.png Graphic file (type png)
 <use U:/Misc/Logos/LICTR_logo.png>
Package pdftex.def Info: U:/Misc/Logos/LICTR_logo.png used on input line 445.
(pdftex.def)             Requested size: 64.69466pt x 19.91684pt.

[30

] <exp_u.pdf, id=1004, 591.20876pt x 410.53375pt>
File: exp_u.pdf Graphic file (type pdf)
 <use exp_u.pdf>
Package pdftex.def Info: exp_u.pdf used on input line 452.
(pdftex.def)             Requested size: 295.60365pt x 205.26637pt.
File: U:/Misc/Logos/LICTR_logo.png Graphic file (type png)

<use U:/Misc/Logos/LICTR_logo.png>
Package pdftex.def Info: U:/Misc/Logos/LICTR_logo.png used on input line 452.
(pdftex.def)             Requested size: 64.69466pt x 19.91684pt.
 [31

 <./exp_u.pdf>]
File: U:/Misc/Logos/LICTR_logo.png Graphic file (type png)

<use U:/Misc/Logos/LICTR_logo.png>
Package pdftex.def Info: U:/Misc/Logos/LICTR_logo.png used on input line 465.
(pdftex.def)             Requested size: 64.69466pt x 19.91684pt.
 [32

]
File: U:/Misc/Logos/LICTR_logo.png Graphic file (type png)
 <use U:/Misc/Logos/LICTR_logo.png>
Package pdftex.def Info: U:/Misc/Logos/LICTR_logo.png used on input line 477.
(pdftex.def)             Requested size: 64.69466pt x 19.91684pt.

[33

]
File: U:/Misc/Logos/LICTR_logo.png Graphic file (type png)
 <use U:/Misc/Logos/LICTR_logo.png>
Package pdftex.def Info: U:/Misc/Logos/LICTR_logo.png used on input line 492.
(pdftex.def)             Requested size: 64.69466pt x 19.91684pt.
 [34

]
File: U:/Misc/Logos/LICTR_logo.png Graphic file (type png)

<use U:/Misc/Logos/LICTR_logo.png>
Package pdftex.def Info: U:/Misc/Logos/LICTR_logo.png used on input line 509.
(pdftex.def)             Requested size: 64.69466pt x 19.91684pt.
Package atenddvi Info: Last page = 35.
 [35

]
\tf@nav=\write8
\openout8 = `MDG_Mar_18.nav'.

\tf@toc=\write9
\openout9 = `MDG_Mar_18.toc'.

\tf@snm=\write10
\openout10 = `MDG_Mar_18.snm'.

Package atveryend Info: Empty hook `BeforeClearDocument' on input line 512.
Package atveryend Info: Executing hook `AfterLastShipout' on input line 512.
 (MDG_Mar_18.aux)
Package atveryend Info: Executing hook `AtVeryEndDocument' on input line 512.
Package atveryend Info: Executing hook `AtEndAfterFileList' on input line 512.
Package rerunfilecheck Info: File `MDG_Mar_18.out' has not changed.
(rerunfilecheck)             Checksum: D41D8CD98F00B204E9800998ECF8427E;0.


LaTeX Font Warning: Size substitutions with differences
(Font)              up to 1.0pt have occurred.

Package logreq Info: Writing requests to 'MDG_Mar_18.run.xml'.
\openout1 = `MDG_Mar_18.run.xml'.

Package atveryend Info: Empty hook `AtVeryVeryEnd' on input line 512.
 ) 
Here is how much of TeX's memory you used:
 31748 strings out of 493334
 608382 string characters out of 3136663
 855587 words of memory out of 3000000
 34630 multiletter control sequences out of 15000+200000
 25939 words of font info for 82 fonts, out of 3000000 for 9000
 1141 hyphenation exceptions out of 8191
 56i,16n,68p,10416b,698s stack positions out of 5000i,500n,10000p,200000b,50000s
<C:/Program Files (x86)/MiKTeX 2.9/fonts/type1/public/amsfonts/cm/cmex10.pfb>
<C:/Program Files (x86)/MiKTeX 2.9/fonts/type1/public/amsfonts/cm/cmmi10.pfb><C
:/Program Files (x86)/MiKTeX 2.9/fonts/type1/public/amsfonts/cm/cmmi12.pfb><C:/
Program Files (x86)/MiKTeX 2.9/fonts/type1/public/amsfonts/cm/cmmi8.pfb><C:/Pro
gram Files (x86)/MiKTeX 2.9/fonts/type1/public/amsfonts/cm/cmss10.pfb><C:/Progr
am Files (x86)/MiKTeX 2.9/fonts/type1/public/amsfonts/cm/cmss12.pfb><C:/Program
 Files (x86)/MiKTeX 2.9/fonts/type1/public/amsfonts/cm/cmss8.pfb><C:/Program Fi
les (x86)/MiKTeX 2.9/fonts/type1/public/amsfonts/cm/cmssbx10.pfb><C:/Program Fi
les (x86)/MiKTeX 2.9/fonts/type1/public/amsfonts/cm/cmssi10.pfb><C:/Program Fil
es (x86)/MiKTeX 2.9/fonts/type1/public/amsfonts/cm/cmssi8.pfb><C:/Program Files
 (x86)/MiKTeX 2.9/fonts/type1/public/amsfonts/cm/cmsy10.pfb><C:/Program Files (
x86)/MiKTeX 2.9/fonts/type1/public/amsfonts/cm/cmsy8.pfb><C:/Program Files (x86
)/MiKTeX 2.9/fonts/type1/public/amsfonts/symbols/msbm10.pfb>
Output written on MDG_Mar_18.pdf (35 pages, 589015 bytes).
PDF statistics:
 1208 PDF objects out of 1440 (max. 8388607)
 71 named destinations out of 1000 (max. 500000)
 359 words of extra memory for PDF output out of 10000 (max. 10000000)

